This file contains any messages produced by compilers while
running configure, to aid debugging if configure makes a mistake.

It was created by SPTK configure 3.9, which was
generated by GNU Autoconf 2.69.  Invocation command line was

  $ ./configure --prefix=/home/syang/workspace/tmp/aslp-tacotron/tools/SPTK-3.9/build

## --------- ##
## Platform. ##
## --------- ##

hostname = node1
uname -m = x86_64
uname -r = 4.4.0-138-generic
uname -s = Linux
uname -v = #164-Ubuntu SMP Tue Oct 2 17:16:02 UTC 2018

/usr/bin/uname -p = unknown
/bin/uname -X     = unknown

/bin/arch              = unknown
/usr/bin/arch -k       = unknown
/usr/convex/getsysinfo = unknown
/usr/bin/hostinfo      = unknown
/bin/machine           = unknown
/usr/bin/oslevel       = unknown
/bin/universe          = unknown

PATH: /home/syang/bin
PATH: /home/syang/.local/bin
PATH: /usr/local/cuda-9.0/bin
PATH: /home/work_nfs2/syang/tools/anaconda3/bin
PATH: /usr/local/MATLAB/bin/
PATH: /home/yangshan/tools/tts/bin_all/SPTK/bin
PATH: /home/disk1/weini/software_package/festival/examples
PATH: /home/yangshan/tools/tts/bin_all/htk/bin/
PATH: /usr/local/sbin
PATH: /usr/local/MATLAB/R2014b/bin
PATH: /usr/local/bin
PATH: /usr/sbin
PATH: /usr/bin
PATH: /sbin
PATH: /bin
PATH: /usr/games
PATH: /usr/local/games
PATH: /usr/local/cuda/bin
PATH: /usr/lib/jvm/java-8-oracle/bin
PATH: /usr/lib/jvm/java-8-oracle/db/bin
PATH: /usr/lib/jvm/java-8-oracle/jre/bin


## ----------- ##
## Core tests. ##
## ----------- ##

configure:2307: checking for a BSD-compatible install
configure:2375: result: /usr/bin/install -c
configure:2386: checking whether build environment is sane
configure:2441: result: yes
configure:2592: checking for a thread-safe mkdir -p
configure:2631: result: /bin/mkdir -p
configure:2638: checking for gawk
configure:2654: found /usr/bin/gawk
configure:2665: result: gawk
configure:2676: checking whether make sets $(MAKE)
configure:2698: result: yes
configure:2727: checking whether make supports nested variables
configure:2744: result: yes
configure:2922: checking for gcc
configure:2938: found /usr/bin/gcc
configure:2949: result: gcc
configure:3178: checking for C compiler version
configure:3187: gcc --version >&5
gcc (Ubuntu 4.8.5-4ubuntu8~16.04.1) 4.8.5
Copyright (C) 2015 Free Software Foundation, Inc.
This is free software; see the source for copying conditions.  There is NO
warranty; not even for MERCHANTABILITY or FITNESS FOR A PARTICULAR PURPOSE.

configure:3198: $? = 0
configure:3187: gcc -v >&5
Using built-in specs.
COLLECT_GCC=gcc
COLLECT_LTO_WRAPPER=/usr/lib/gcc/x86_64-linux-gnu/4.8/lto-wrapper
Target: x86_64-linux-gnu
Configured with: ../src/configure -v --with-pkgversion='Ubuntu 4.8.5-4ubuntu8~16.04.1' --with-bugurl=file:///usr/share/doc/gcc-4.8/README.Bugs --enable-languages=c,c++,java,go,d,fortran,objc,obj-c++ --prefix=/usr --program-suffix=-4.8 --enable-shared --enable-linker-build-id --libexecdir=/usr/lib --without-included-gettext --enable-threads=posix --with-gxx-include-dir=/usr/include/c++/4.8 --libdir=/usr/lib --enable-nls --with-sysroot=/ --enable-clocale=gnu --enable-libstdcxx-debug --enable-libstdcxx-time=yes --enable-gnu-unique-object --disable-libmudflap --enable-plugin --with-system-zlib --disable-browser-plugin --enable-java-awt=gtk --enable-gtk-cairo --with-java-home=/usr/lib/jvm/java-1.5.0-gcj-4.8-amd64/jre --enable-java-home --with-jvm-root-dir=/usr/lib/jvm/java-1.5.0-gcj-4.8-amd64 --with-jvm-jar-dir=/usr/lib/jvm-exports/java-1.5.0-gcj-4.8-amd64 --with-arch-directory=amd64 --with-ecj-jar=/usr/share/java/eclipse-ecj.jar --enable-objc-gc --enable-multiarch --disable-werror --with-arch-32=i686 --with-abi=m64 --with-multilib-list=m32,m64,mx32 --with-tune=generic --enable-checking=release --build=x86_64-linux-gnu --host=x86_64-linux-gnu --target=x86_64-linux-gnu
Thread model: posix
gcc version 4.8.5 (Ubuntu 4.8.5-4ubuntu8~16.04.1) 
configure:3198: $? = 0
configure:3187: gcc -V >&5
gcc: error: unrecognized command line option '-V'
gcc: fatal error: no input files
compilation terminated.
configure:3198: $? = 4
configure:3187: gcc -qversion >&5
gcc: error: unrecognized command line option '-qversion'
gcc: fatal error: no input files
compilation terminated.
configure:3198: $? = 4
configure:3218: checking whether the C compiler works
configure:3240: gcc    conftest.c  >&5
configure:3244: $? = 0
configure:3292: result: yes
configure:3295: checking for C compiler default output file name
configure:3297: result: a.out
configure:3303: checking for suffix of executables
configure:3310: gcc -o conftest    conftest.c  >&5
configure:3314: $? = 0
configure:3336: result: 
configure:3358: checking whether we are cross compiling
configure:3366: gcc -o conftest    conftest.c  >&5
configure:3370: $? = 0
configure:3377: ./conftest
configure:3381: $? = 0
configure:3396: result: no
configure:3401: checking for suffix of object files
configure:3423: gcc -c   conftest.c >&5
configure:3427: $? = 0
configure:3448: result: o
configure:3452: checking whether we are using the GNU C compiler
configure:3471: gcc -c   conftest.c >&5
configure:3471: $? = 0
configure:3480: result: yes
configure:3489: checking whether gcc accepts -g
configure:3509: gcc -c -g  conftest.c >&5
configure:3509: $? = 0
configure:3550: result: yes
configure:3567: checking for gcc option to accept ISO C89
configure:3630: gcc  -c -g -O2  conftest.c >&5
configure:3630: $? = 0
configure:3643: result: none needed
configure:3668: checking whether gcc understands -c and -o together
configure:3690: gcc -c conftest.c -o conftest2.o
configure:3693: $? = 0
configure:3690: gcc -c conftest.c -o conftest2.o
configure:3693: $? = 0
configure:3705: result: yes
configure:3733: checking for style of include used by make
configure:3761: result: GNU
configure:3787: checking dependency style of gcc
configure:3898: result: gcc3
configure:3915: checking whether ln -s works
configure:3919: result: yes
configure:3969: checking for ranlib
configure:3985: found /usr/bin/ranlib
configure:3996: result: ranlib
configure:4064: checking for ar
configure:4080: found /usr/bin/ar
configure:4091: result: ar
configure:4115: checking for csh
configure:4133: found /bin/csh
configure:4146: result: /bin/csh
configure:4160: checking for log in -lm
configure:4185: gcc -o conftest -g -O2   conftest.c -lm   >&5
conftest.c:18:6: warning: conflicting types for built-in function 'log' [enabled by default]
 char log ();
      ^
configure:4185: $? = 0
configure:4194: result: yes
configure:4214: checking how to run the C preprocessor
configure:4245: gcc -E  conftest.c
configure:4245: $? = 0
configure:4259: gcc -E  conftest.c
conftest.c:12:28: fatal error: ac_nonexistent.h: No such file or directory
 #include <ac_nonexistent.h>
                            ^
compilation terminated.
configure:4259: $? = 1
configure: failed program was:
| /* confdefs.h */
| #define PACKAGE_NAME "SPTK"
| #define PACKAGE_TARNAME "SPTK"
| #define PACKAGE_VERSION "3.9"
| #define PACKAGE_STRING "SPTK 3.9"
| #define PACKAGE_BUGREPORT "http://sourceforge.net/projects/sp-tk/"
| #define PACKAGE_URL ""
| #define PACKAGE "SPTK"
| #define VERSION "3.9"
| #define HAVE_LIBM 1
| /* end confdefs.h.  */
| #include <ac_nonexistent.h>
configure:4284: result: gcc -E
configure:4304: gcc -E  conftest.c
configure:4304: $? = 0
configure:4318: gcc -E  conftest.c
conftest.c:12:28: fatal error: ac_nonexistent.h: No such file or directory
 #include <ac_nonexistent.h>
                            ^
compilation terminated.
configure:4318: $? = 1
configure: failed program was:
| /* confdefs.h */
| #define PACKAGE_NAME "SPTK"
| #define PACKAGE_TARNAME "SPTK"
| #define PACKAGE_VERSION "3.9"
| #define PACKAGE_STRING "SPTK 3.9"
| #define PACKAGE_BUGREPORT "http://sourceforge.net/projects/sp-tk/"
| #define PACKAGE_URL ""
| #define PACKAGE "SPTK"
| #define VERSION "3.9"
| #define HAVE_LIBM 1
| /* end confdefs.h.  */
| #include <ac_nonexistent.h>
configure:4347: checking for X
configure:4455: gcc -E  conftest.c
configure:4455: $? = 0
configure:4486: gcc -o conftest -g -O2   conftest.c -lX11 -lm  >&5
configure:4486: $? = 0
configure:4536: result: libraries , headers 
configure:4635: gcc -o conftest -g -O2   conftest.c -lm   -lX11 >&5
configure:4635: $? = 0
configure:4733: checking for gethostbyname
configure:4733: gcc -o conftest -g -O2   conftest.c -lm  >&5
configure:4733: $? = 0
configure:4733: result: yes
configure:4830: checking for connect
configure:4830: gcc -o conftest -g -O2   conftest.c -lm  >&5
configure:4830: $? = 0
configure:4830: result: yes
configure:4879: checking for remove
configure:4879: gcc -o conftest -g -O2   conftest.c -lm  >&5
configure:4879: $? = 0
configure:4879: result: yes
configure:4928: checking for shmat
configure:4928: gcc -o conftest -g -O2   conftest.c -lm  >&5
configure:4928: $? = 0
configure:4928: result: yes
configure:4986: checking for IceConnectionNumber in -lICE
configure:5011: gcc -o conftest -g -O2   conftest.c -lICE  -lm  >&5
configure:5011: $? = 0
configure:5020: result: yes
configure:5052: checking for grep that handles long lines and -e
configure:5110: result: /bin/grep
configure:5115: checking for egrep
configure:5177: result: /bin/grep -E
configure:5182: checking for ANSI C header files
configure:5202: gcc -c -g -O2  conftest.c >&5
configure:5202: $? = 0
configure:5275: gcc -o conftest -g -O2   conftest.c -lm  >&5
configure:5275: $? = 0
configure:5275: ./conftest
configure:5275: $? = 0
configure:5286: result: yes
configure:5299: checking for sys/types.h
configure:5299: gcc -c -g -O2  conftest.c >&5
configure:5299: $? = 0
configure:5299: result: yes
configure:5299: checking for sys/stat.h
configure:5299: gcc -c -g -O2  conftest.c >&5
configure:5299: $? = 0
configure:5299: result: yes
configure:5299: checking for stdlib.h
configure:5299: gcc -c -g -O2  conftest.c >&5
configure:5299: $? = 0
configure:5299: result: yes
configure:5299: checking for string.h
configure:5299: gcc -c -g -O2  conftest.c >&5
configure:5299: $? = 0
configure:5299: result: yes
configure:5299: checking for memory.h
configure:5299: gcc -c -g -O2  conftest.c >&5
configure:5299: $? = 0
configure:5299: result: yes
configure:5299: checking for strings.h
configure:5299: gcc -c -g -O2  conftest.c >&5
configure:5299: $? = 0
configure:5299: result: yes
configure:5299: checking for inttypes.h
configure:5299: gcc -c -g -O2  conftest.c >&5
configure:5299: $? = 0
configure:5299: result: yes
configure:5299: checking for stdint.h
configure:5299: gcc -c -g -O2  conftest.c >&5
configure:5299: $? = 0
configure:5299: result: yes
configure:5299: checking for unistd.h
configure:5299: gcc -c -g -O2  conftest.c >&5
configure:5299: $? = 0
configure:5299: result: yes
configure:5314: checking fcntl.h usability
configure:5314: gcc -c -g -O2  conftest.c >&5
configure:5314: $? = 0
configure:5314: result: yes
configure:5314: checking fcntl.h presence
configure:5314: gcc -E  conftest.c
configure:5314: $? = 0
configure:5314: result: yes
configure:5314: checking for fcntl.h
configure:5314: result: yes
configure:5314: checking limits.h usability
configure:5314: gcc -c -g -O2  conftest.c >&5
configure:5314: $? = 0
configure:5314: result: yes
configure:5314: checking limits.h presence
configure:5314: gcc -E  conftest.c
configure:5314: $? = 0
configure:5314: result: yes
configure:5314: checking for limits.h
configure:5314: result: yes
configure:5314: checking for stdlib.h
configure:5314: result: yes
configure:5314: checking for string.h
configure:5314: result: yes
configure:5314: checking for strings.h
configure:5314: result: yes
configure:5314: checking sys/ioctl.h usability
configure:5314: gcc -c -g -O2  conftest.c >&5
configure:5314: $? = 0
configure:5314: result: yes
configure:5314: checking sys/ioctl.h presence
configure:5314: gcc -E  conftest.c
configure:5314: $? = 0
configure:5314: result: yes
configure:5314: checking for sys/ioctl.h
configure:5314: result: yes
configure:5327: checking for an ANSI C-conforming const
configure:5393: gcc -c -g -O2  conftest.c >&5
configure:5393: $? = 0
configure:5400: result: yes
configure:5408: checking for size_t
configure:5408: gcc -c -g -O2  conftest.c >&5
configure:5408: $? = 0
configure:5408: gcc -c -g -O2  conftest.c >&5
conftest.c: In function 'main':
conftest.c:64:21: error: expected expression before ')' token
 if (sizeof ((size_t)))
                     ^
configure:5408: $? = 1
configure: failed program was:
| /* confdefs.h */
| #define PACKAGE_NAME "SPTK"
| #define PACKAGE_TARNAME "SPTK"
| #define PACKAGE_VERSION "3.9"
| #define PACKAGE_STRING "SPTK 3.9"
| #define PACKAGE_BUGREPORT "http://sourceforge.net/projects/sp-tk/"
| #define PACKAGE_URL ""
| #define PACKAGE "SPTK"
| #define VERSION "3.9"
| #define HAVE_LIBM 1
| #define STDC_HEADERS 1
| #define HAVE_SYS_TYPES_H 1
| #define HAVE_SYS_STAT_H 1
| #define HAVE_STDLIB_H 1
| #define HAVE_STRING_H 1
| #define HAVE_MEMORY_H 1
| #define HAVE_STRINGS_H 1
| #define HAVE_INTTYPES_H 1
| #define HAVE_STDINT_H 1
| #define HAVE_UNISTD_H 1
| #define HAVE_FCNTL_H 1
| #define HAVE_LIMITS_H 1
| #define HAVE_STDLIB_H 1
| #define HAVE_STRING_H 1
| #define HAVE_STRINGS_H 1
| #define HAVE_SYS_IOCTL_H 1
| /* end confdefs.h.  */
| #include <stdio.h>
| #ifdef HAVE_SYS_TYPES_H
| # include <sys/types.h>
| #endif
| #ifdef HAVE_SYS_STAT_H
| # include <sys/stat.h>
| #endif
| #ifdef STDC_HEADERS
| # include <stdlib.h>
| # include <stddef.h>
| #else
| # ifdef HAVE_STDLIB_H
| #  include <stdlib.h>
| # endif
| #endif
| #ifdef HAVE_STRING_H
| # if !defined STDC_HEADERS && defined HAVE_MEMORY_H
| #  include <memory.h>
| # endif
| # include <string.h>
| #endif
| #ifdef HAVE_STRINGS_H
| # include <strings.h>
| #endif
| #ifdef HAVE_INTTYPES_H
| # include <inttypes.h>
| #endif
| #ifdef HAVE_STDINT_H
| # include <stdint.h>
| #endif
| #ifdef HAVE_UNISTD_H
| # include <unistd.h>
| #endif
| int
| main ()
| {
| if (sizeof ((size_t)))
| 	    return 0;
|   ;
|   return 0;
| }
configure:5408: result: yes
configure:5425: checking build system type
configure:5439: result: x86_64-unknown-linux-gnu
configure:5459: checking host system type
configure:5472: result: x86_64-unknown-linux-gnu
configure:5495: checking whether gcc needs -traditional
configure:5529: result: no
configure:5538: checking for stdlib.h
configure:5538: result: yes
configure:5548: checking for GNU libc compatible malloc
configure:5572: gcc -o conftest -g -O2   conftest.c -lm  >&5
configure:5572: $? = 0
configure:5572: ./conftest
configure:5572: $? = 0
configure:5582: result: yes
configure:5603: checking for working strtod
configure:5644: gcc -o conftest -g -O2   conftest.c -lm  >&5
configure:5644: $? = 0
configure:5644: ./conftest
configure:5644: $? = 0
configure:5654: result: yes
configure:5716: checking for pow
configure:5716: gcc -o conftest -g -O2   conftest.c -lm  >&5
conftest.c:53:6: warning: conflicting types for built-in function 'pow' [enabled by default]
 char pow ();
      ^
configure:5716: $? = 0
configure:5716: result: yes
configure:5723: checking for sqrt
configure:5723: gcc -o conftest -g -O2   conftest.c -lm  >&5
conftest.c:53:6: warning: conflicting types for built-in function 'sqrt' [enabled by default]
 char sqrt ();
      ^
configure:5723: $? = 0
configure:5723: result: yes
configure:5736: checking for bzero
configure:5736: gcc -o conftest -g -O2   conftest.c -lm  >&5
conftest.c:53:6: warning: conflicting types for built-in function 'bzero' [enabled by default]
 char bzero ();
      ^
configure:5736: $? = 0
configure:5736: result: yes
configure:5736: checking for memset
configure:5736: gcc -o conftest -g -O2   conftest.c -lm  >&5
conftest.c:54:6: warning: conflicting types for built-in function 'memset' [enabled by default]
 char memset ();
      ^
configure:5736: $? = 0
configure:5736: result: yes
configure:5748: checking for strrchr
configure:5748: gcc -o conftest -g -O2   conftest.c -lm  >&5
conftest.c:55:6: warning: conflicting types for built-in function 'strrchr' [enabled by default]
 char strrchr ();
      ^
configure:5748: $? = 0
configure:5748: result: yes
configure:5748: checking for rindex
configure:5748: gcc -o conftest -g -O2   conftest.c -lm  >&5
conftest.c:56:6: warning: conflicting types for built-in function 'rindex' [enabled by default]
 char rindex ();
      ^
configure:5748: $? = 0
configure:5748: result: yes
configure:5803: checking audio device
configure:5849: result: linux
configure:5851: checking sys/soundcard.h usability
configure:5851: gcc -c -g -O2  conftest.c >&5
configure:5851: $? = 0
configure:5851: result: yes
configure:5851: checking sys/soundcard.h presence
configure:5851: gcc -E  conftest.c
configure:5851: $? = 0
configure:5851: result: yes
configure:5851: checking for sys/soundcard.h
configure:5851: result: yes
configure:6133: checking that generated files are newer than configure
configure:6139: result: done
configure:6198: creating ./config.status

## ---------------------- ##
## Running config.status. ##
## ---------------------- ##

This file was extended by SPTK config.status 3.9, which was
generated by GNU Autoconf 2.69.  Invocation command line was

  CONFIG_FILES    = 
  CONFIG_HEADERS  = 
  CONFIG_LINKS    = 
  CONFIG_COMMANDS = 
  $ ./config.status 

on node1

config.status:927: creating Makefile
config.status:927: creating bin/Makefile
config.status:927: creating bin/acep/Makefile
config.status:927: creating bin/acorr/Makefile
config.status:927: creating bin/agcep/Makefile
config.status:927: creating bin/amcep/Makefile
config.status:927: creating bin/average/Makefile
config.status:927: creating bin/b2mc/Makefile
config.status:927: creating bin/bcp/Makefile
config.status:927: creating bin/bcut/Makefile
config.status:927: creating bin/c2acr/Makefile
config.status:927: creating bin/c2ir/Makefile
config.status:927: creating bin/c2ndps/Makefile
config.status:927: creating bin/c2sp/Makefile
config.status:927: creating bin/cat2/Makefile
config.status:927: creating bin/cdist/Makefile
config.status:927: creating bin/clip/Makefile
config.status:927: creating bin/da/Makefile
config.status:927: creating bin/dct/Makefile
config.status:927: creating bin/decimate/Makefile
config.status:927: creating bin/delay/Makefile
config.status:927: creating bin/delta/Makefile
config.status:927: creating bin/df2/Makefile
config.status:927: creating bin/dfs/Makefile
config.status:927: creating bin/dmp/Makefile
config.status:927: creating bin/ds/Makefile
config.status:927: creating bin/dtw/Makefile
config.status:927: creating bin/echo2/Makefile
config.status:927: creating bin/excite/Makefile
config.status:927: creating bin/extract/Makefile
config.status:927: creating bin/fd/Makefile
config.status:927: creating bin/fft/Makefile
config.status:927: creating bin/fft2/Makefile
config.status:927: creating bin/fftcep/Makefile
config.status:927: creating bin/fftr/Makefile
config.status:927: creating bin/fftr2/Makefile
config.status:927: creating bin/fig+fdrw/Makefile
config.status:927: creating bin/frame/Makefile
config.status:927: creating bin/freqt/Makefile
config.status:927: creating bin/gc2gc/Makefile
config.status:927: creating bin/gcep/Makefile
config.status:927: creating bin/glsadf/Makefile
config.status:927: creating bin/gmm/Makefile
config.status:927: creating bin/gnorm/Makefile
config.status:927: creating bin/grpdelay/Makefile
config.status:927: creating bin/histogram/Makefile
config.status:927: creating bin/idct/Makefile
config.status:927: creating bin/ifft/Makefile
config.status:927: creating bin/ifftr/Makefile
config.status:927: creating bin/ifft2/Makefile
config.status:927: creating bin/ignorm/Makefile
config.status:927: creating bin/impulse/Makefile
config.status:927: creating bin/imsvq/Makefile
config.status:927: creating bin/interpolate/Makefile
config.status:927: creating bin/ivq/Makefile
config.status:927: creating bin/lbg/Makefile
config.status:927: creating bin/levdur/Makefile
config.status:927: creating bin/linear_intpl/Makefile
config.status:927: creating bin/lmadf/Makefile
config.status:927: creating bin/lpc/Makefile
config.status:927: creating bin/lpc2c/Makefile
config.status:927: creating bin/lpc2lsp/Makefile
config.status:927: creating bin/lpc2par/Makefile
config.status:927: creating bin/lsp2lpc/Makefile
config.status:927: creating bin/lsp2sp/Makefile
config.status:927: creating bin/lspcheck/Makefile
config.status:927: creating bin/lspdf/Makefile
config.status:927: creating bin/ltcdf/Makefile
config.status:927: creating bin/mc2b/Makefile
config.status:927: creating bin/mcep/Makefile
config.status:927: creating bin/merge/Makefile
config.status:927: creating bin/mfcc/Makefile
config.status:927: creating bin/mgc2mgc/Makefile
config.status:927: creating bin/mgc2sp/Makefile
config.status:927: creating bin/mgclsp2sp/Makefile
config.status:927: creating bin/mgcep/Makefile
config.status:927: creating bin/mglsadf/Makefile
config.status:927: creating bin/minmax/Makefile
config.status:927: creating bin/mlpg/Makefile
config.status:927: creating bin/mlsacheck/Makefile
config.status:927: creating bin/mlsadf/Makefile
config.status:927: creating bin/msvq/Makefile
config.status:927: creating bin/nan/Makefile
config.status:927: creating bin/ndps2c/Makefile
config.status:927: creating bin/norm0/Makefile
config.status:927: creating bin/nrand/Makefile
config.status:927: creating bin/par2lpc/Makefile
config.status:927: creating bin/pca/Makefile
config.status:927: creating bin/phase/Makefile
config.status:927: creating bin/pitch/Makefile
config.status:927: creating bin/poledf/Makefile
config.status:927: creating bin/psgr/Makefile
config.status:927: creating bin/ramp/Makefile
config.status:927: creating bin/rawtowav/Makefile
config.status:927: creating bin/reverse/Makefile
config.status:927: creating bin/rmse/Makefile
config.status:927: creating bin/root_pol/Makefile
config.status:927: creating bin/sin/Makefile
config.status:927: creating bin/smcep/Makefile
config.status:927: creating bin/snr/Makefile
config.status:927: creating bin/sopr/Makefile
config.status:927: creating bin/spec/Makefile
config.status:927: creating bin/step/Makefile
config.status:927: creating bin/swab/Makefile
config.status:927: creating bin/symmetrize/Makefile
config.status:927: creating bin/train/Makefile
config.status:927: creating bin/transpose/Makefile
config.status:927: creating bin/uels/Makefile
config.status:927: creating bin/ulaw/Makefile
config.status:927: creating bin/us/Makefile
config.status:927: creating bin/vc/Makefile
config.status:927: creating bin/vopr/Makefile
config.status:927: creating bin/vq/Makefile
config.status:927: creating bin/vstat/Makefile
config.status:927: creating bin/vsum/Makefile
config.status:927: creating bin/wavjoin/Makefile
config.status:927: creating bin/wavsplit/Makefile
config.status:927: creating bin/window/Makefile
config.status:927: creating bin/x2x/Makefile
config.status:927: creating bin/xgr/Makefile
config.status:927: creating bin/zcross/Makefile
config.status:927: creating bin/zerodf/Makefile
config.status:927: creating include/Makefile
config.status:927: creating lib/Makefile
config.status:927: creating script/Makefile
config.status:1099: executing depfiles commands

## ---------------- ##
## Cache variables. ##
## ---------------- ##

ac_cv_build=x86_64-unknown-linux-gnu
ac_cv_c_compiler_gnu=yes
ac_cv_c_const=yes
ac_cv_env_CC_set=
ac_cv_env_CC_value=
ac_cv_env_CFLAGS_set=
ac_cv_env_CFLAGS_value=
ac_cv_env_CPPFLAGS_set=
ac_cv_env_CPPFLAGS_value=
ac_cv_env_CPP_set=
ac_cv_env_CPP_value=
ac_cv_env_LDFLAGS_set=
ac_cv_env_LDFLAGS_value=
ac_cv_env_LIBS_set=
ac_cv_env_LIBS_value=
ac_cv_env_XMKMF_set=
ac_cv_env_XMKMF_value=
ac_cv_env_build_alias_set=
ac_cv_env_build_alias_value=
ac_cv_env_host_alias_set=
ac_cv_env_host_alias_value=
ac_cv_env_target_alias_set=
ac_cv_env_target_alias_value=
ac_cv_func_bzero=yes
ac_cv_func_connect=yes
ac_cv_func_gethostbyname=yes
ac_cv_func_malloc_0_nonnull=yes
ac_cv_func_memset=yes
ac_cv_func_pow=yes
ac_cv_func_remove=yes
ac_cv_func_rindex=yes
ac_cv_func_shmat=yes
ac_cv_func_sqrt=yes
ac_cv_func_strrchr=yes
ac_cv_func_strtod=yes
ac_cv_have_x='have_x=yes	ac_x_includes='\'''\''	ac_x_libraries='\'''\'''
ac_cv_header_fcntl_h=yes
ac_cv_header_inttypes_h=yes
ac_cv_header_limits_h=yes
ac_cv_header_memory_h=yes
ac_cv_header_stdc=yes
ac_cv_header_stdint_h=yes
ac_cv_header_stdlib_h=yes
ac_cv_header_string_h=yes
ac_cv_header_strings_h=yes
ac_cv_header_sys_ioctl_h=yes
ac_cv_header_sys_soundcard_h=yes
ac_cv_header_sys_stat_h=yes
ac_cv_header_sys_types_h=yes
ac_cv_header_unistd_h=yes
ac_cv_host=x86_64-unknown-linux-gnu
ac_cv_lib_ICE_IceConnectionNumber=yes
ac_cv_lib_m_log=yes
ac_cv_objext=o
ac_cv_path_CSH=/bin/csh
ac_cv_path_EGREP='/bin/grep -E'
ac_cv_path_GREP=/bin/grep
ac_cv_path_install='/usr/bin/install -c'
ac_cv_path_mkdir=/bin/mkdir
ac_cv_prog_AWK=gawk
ac_cv_prog_CPP='gcc -E'
ac_cv_prog_ac_ct_AR=ar
ac_cv_prog_ac_ct_CC=gcc
ac_cv_prog_ac_ct_RANLIB=ranlib
ac_cv_prog_cc_c89=
ac_cv_prog_cc_g=yes
ac_cv_prog_gcc_traditional=no
ac_cv_prog_make_make_set=yes
ac_cv_type_size_t=yes
am_cv_CC_dependencies_compiler_type=gcc3
am_cv_make_support_nested_variables=yes
am_cv_prog_cc_c_o=yes

## ----------------- ##
## Output variables. ##
## ----------------- ##

ACLOCAL='${SHELL} /home/syang/workspace/tmp/aslp-tacotron/tools/SPTK-3.9/config/missing aclocal-1.15'
AMDEPBACKSLASH='\'
AMDEP_FALSE='#'
AMDEP_TRUE=''
AMTAR='$${TAR-tar}'
AM_BACKSLASH='\'
AM_DEFAULT_V='$(AM_DEFAULT_VERBOSITY)'
AM_DEFAULT_VERBOSITY='1'
AM_V='$(V)'
AR='ar'
AUTOCONF='${SHELL} /home/syang/workspace/tmp/aslp-tacotron/tools/SPTK-3.9/config/missing autoconf'
AUTOHEADER='${SHELL} /home/syang/workspace/tmp/aslp-tacotron/tools/SPTK-3.9/config/missing autoheader'
AUTOMAKE='${SHELL} /home/syang/workspace/tmp/aslp-tacotron/tools/SPTK-3.9/config/missing automake-1.15'
AWK='gawk'
CC='gcc'
CCDEPMODE='depmode=gcc3'
CFLAGS='-g -O2'
CPP='gcc -E'
CPPFLAGS=''
CSH='/bin/csh'
CYGPATH_W='echo'
DEFS='-DPACKAGE_NAME=\"SPTK\" -DPACKAGE_TARNAME=\"SPTK\" -DPACKAGE_VERSION=\"3.9\" -DPACKAGE_STRING=\"SPTK\ 3.9\" -DPACKAGE_BUGREPORT=\"http://sourceforge.net/projects/sp-tk/\" -DPACKAGE_URL=\"\" -DPACKAGE=\"SPTK\" -DVERSION=\"3.9\" -DHAVE_LIBM=1 -DSTDC_HEADERS=1 -DHAVE_SYS_TYPES_H=1 -DHAVE_SYS_STAT_H=1 -DHAVE_STDLIB_H=1 -DHAVE_STRING_H=1 -DHAVE_MEMORY_H=1 -DHAVE_STRINGS_H=1 -DHAVE_INTTYPES_H=1 -DHAVE_STDINT_H=1 -DHAVE_UNISTD_H=1 -DHAVE_FCNTL_H=1 -DHAVE_LIMITS_H=1 -DHAVE_STDLIB_H=1 -DHAVE_STRING_H=1 -DHAVE_STRINGS_H=1 -DHAVE_SYS_IOCTL_H=1 -DHAVE_STDLIB_H=1 -DHAVE_MALLOC=1 -DHAVE_BZERO=1 -DHAVE_MEMSET=1 -DHAVE_STRRCHR=1 -DHAVE_RINDEX=1 -DFORMAT=\"float\" -DLINUX=1'
DEPDIR='.deps'
ECHO_C=''
ECHO_N='-n'
ECHO_T=''
EGREP='/bin/grep -E'
EXEEXT=''
GREP='/bin/grep'
INSTALL_DATA='${INSTALL} -m 644'
INSTALL_PROGRAM='${INSTALL}'
INSTALL_SCRIPT='${INSTALL}'
INSTALL_STRIP_PROGRAM='$(install_sh) -c -s'
IO_FORMAT='float'
IO_SYMBOL='f'
LDFLAGS=''
LIBOBJS=''
LIBS='-lm '
LN_S='ln -s'
LTLIBOBJS=''
MAKEINFO='${SHELL} /home/syang/workspace/tmp/aslp-tacotron/tools/SPTK-3.9/config/missing makeinfo'
MKDIR_P='/bin/mkdir -p'
OBJEXT='o'
PACKAGE='SPTK'
PACKAGE_BUGREPORT='http://sourceforge.net/projects/sp-tk/'
PACKAGE_NAME='SPTK'
PACKAGE_STRING='SPTK 3.9'
PACKAGE_TARNAME='SPTK'
PACKAGE_URL=''
PACKAGE_VERSION='3.9'
PATH_SEPARATOR=':'
POW_LIB=''
RANLIB='ranlib'
SET_MAKE=''
SHELL='/bin/bash'
STRIP=''
USEDA_FALSE='#'
USEDA_TRUE=''
USEXGR_FALSE='#'
USEXGR_TRUE=''
VERSION='3.9'
XMKMF=''
X_CFLAGS=''
X_EXTRA_LIBS=''
X_LIBS=''
X_PRE_LIBS=' -lSM -lICE'
ac_ct_CC='gcc'
am__EXEEXT_FALSE=''
am__EXEEXT_TRUE='#'
am__fastdepCC_FALSE='#'
am__fastdepCC_TRUE=''
am__include='include'
am__isrc=''
am__leading_dot='.'
am__nodep='_no'
am__quote=''
am__tar='$${TAR-tar} chof - "$$tardir"'
am__untar='$${TAR-tar} xf -'
bindir='${exec_prefix}/bin'
build='x86_64-unknown-linux-gnu'
build_alias=''
build_cpu='x86_64'
build_os='linux-gnu'
build_vendor='unknown'
datadir='${datarootdir}'
datarootdir='${prefix}/share'
docdir='${datarootdir}/doc/${PACKAGE_TARNAME}'
dvidir='${docdir}'
exec_prefix='${prefix}'
host='x86_64-unknown-linux-gnu'
host_alias=''
host_cpu='x86_64'
host_os='linux-gnu'
host_vendor='unknown'
htmldir='${docdir}'
includedir='${prefix}/include'
infodir='${datarootdir}/info'
install_sh='${SHELL} /home/syang/workspace/tmp/aslp-tacotron/tools/SPTK-3.9/config/install-sh'
libdir='${exec_prefix}/lib'
libexecdir='${exec_prefix}/libexec'
localedir='${datarootdir}/locale'
localstatedir='${prefix}/var'
mandir='${datarootdir}/man'
mkdir_p='$(MKDIR_P)'
oldincludedir='/usr/include'
pdfdir='${docdir}'
prefix='/home/syang/workspace/tmp/aslp-tacotron/tools/SPTK-3.9/build'
program_transform_name='s,x,x,'
psdir='${docdir}'
runstatedir='${localstatedir}/run'
sbindir='${exec_prefix}/sbin'
sharedstatedir='${prefix}/com'
sysconfdir='${prefix}/etc'
target_alias=''

## ----------- ##
## confdefs.h. ##
## ----------- ##

/* confdefs.h */
#define PACKAGE_NAME "SPTK"
#define PACKAGE_TARNAME "SPTK"
#define PACKAGE_VERSION "3.9"
#define PACKAGE_STRING "SPTK 3.9"
#define PACKAGE_BUGREPORT "http://sourceforge.net/projects/sp-tk/"
#define PACKAGE_URL ""
#define PACKAGE "SPTK"
#define VERSION "3.9"
#define HAVE_LIBM 1
#define STDC_HEADERS 1
#define HAVE_SYS_TYPES_H 1
#define HAVE_SYS_STAT_H 1
#define HAVE_STDLIB_H 1
#define HAVE_STRING_H 1
#define HAVE_MEMORY_H 1
#define HAVE_STRINGS_H 1
#define HAVE_INTTYPES_H 1
#define HAVE_STDINT_H 1
#define HAVE_UNISTD_H 1
#define HAVE_FCNTL_H 1
#define HAVE_LIMITS_H 1
#define HAVE_STDLIB_H 1
#define HAVE_STRING_H 1
#define HAVE_STRINGS_H 1
#define HAVE_SYS_IOCTL_H 1
#define HAVE_STDLIB_H 1
#define HAVE_MALLOC 1
#define HAVE_BZERO 1
#define HAVE_MEMSET 1
#define HAVE_STRRCHR 1
#define HAVE_RINDEX 1
#define FORMAT "float"
#define LINUX 1

configure: exit 0
